<?xml version="1.0" encoding="UTF-8"?>
<robot generator="Robot 5.0.1 (Python 3.10.7 on darwin)" generated="20240126 13:44:29.981" rpa="false" schemaversion="3">
<suite id="s1" name="Dashboard Admin User List" source="/Users/riko/parkee-web-tests-riko/Orange-HRM-web-test-riko/TEST_SUITES/dashboard_admin_user_list.robot">
<test id="s1-t1" name="Add New User" line="14">
<kw name="Open Dashboard OrangeHRM" library="open_browser">
<kw name="Open Browser" library="SeleniumLibrary">
<arg>${urlHrm}</arg>
<arg>${BrowserType}</arg>
<doc>Opens a new browser instance to the optional ``url``.</doc>
<msg timestamp="20240126 13:44:30.289" level="INFO">Opening browser 'chrome' to base url 'https://opensource-demo.orangehrmlive.com/'.</msg>
<status status="PASS" starttime="20240126 13:44:30.289" endtime="20240126 13:44:47.343"/>
</kw>
<kw name="Set Window Size" library="SeleniumLibrary">
<arg>${1600}</arg>
<arg>${900}</arg>
<doc>Sets current windows size to given ``width`` and ``height``.</doc>
<status status="PASS" starttime="20240126 13:44:47.344" endtime="20240126 13:44:47.460"/>
</kw>
<kw name="Wait Until Element Is Visible" library="SeleniumLibrary">
<arg>${loginSubmitBtn}</arg>
<arg>60</arg>
<doc>Waits until the element ``locator`` is visible.</doc>
<status status="PASS" starttime="20240126 13:44:47.461" endtime="20240126 13:44:48.397"/>
</kw>
<status status="PASS" starttime="20240126 13:44:30.288" endtime="20240126 13:44:48.398"/>
</kw>
<kw name="Login Dashboard OrangeHRM - Valid" library="login_user">
<kw name="Wait Until Element Is Visible" library="SeleniumLibrary">
<arg>${inputEmailField}</arg>
<arg>2s</arg>
<doc>Waits until the element ``locator`` is visible.</doc>
<status status="PASS" starttime="20240126 13:44:48.399" endtime="20240126 13:44:48.426"/>
</kw>
<kw name="Input Text" library="SeleniumLibrary">
<arg>${inputEmailField}</arg>
<arg>${HrmUsername}</arg>
<doc>Types the given ``text`` into the text field identified by ``locator``.</doc>
<msg timestamp="20240126 13:44:48.427" level="INFO">Typing text 'Admin' into text field '//*[@id="app"]/div[1]/div/div[1]/div/div[2]/div[2]/form/div[1]/div/div[2]/input'.</msg>
<status status="PASS" starttime="20240126 13:44:48.426" endtime="20240126 13:44:48.541"/>
</kw>
<kw name="Wait Until Element Is Visible" library="SeleniumLibrary">
<arg>${inputPasswordField}</arg>
<arg>2s</arg>
<doc>Waits until the element ``locator`` is visible.</doc>
<status status="PASS" starttime="20240126 13:44:48.542" endtime="20240126 13:44:48.568"/>
</kw>
<kw name="Input Text" library="SeleniumLibrary">
<arg>${inputPasswordField}</arg>
<arg>${HrmPassword}</arg>
<doc>Types the given ``text`` into the text field identified by ``locator``.</doc>
<msg timestamp="20240126 13:44:48.569" level="INFO">Typing text 'admin123' into text field '//*[@id="app"]/div[1]/div/div[1]/div/div[2]/div[2]/form/div[2]/div/div[2]/input'.</msg>
<status status="PASS" starttime="20240126 13:44:48.568" endtime="20240126 13:44:48.658"/>
</kw>
<kw name="Wait Until Element Is Visible" library="SeleniumLibrary">
<arg>${loginSubmitBtn}</arg>
<arg>2s</arg>
<doc>Waits until the element ``locator`` is visible.</doc>
<status status="PASS" starttime="20240126 13:44:48.659" endtime="20240126 13:44:48.673"/>
</kw>
<kw name="Click Button" library="SeleniumLibrary">
<arg>${loginSubmitBtn}</arg>
<doc>Clicks the button identified by ``locator``.</doc>
<msg timestamp="20240126 13:44:48.674" level="INFO">Clicking button '//*[@id="app"]/div[1]/div/div[1]/div/div[2]/div[2]/form/div[3]/button'.</msg>
<status status="PASS" starttime="20240126 13:44:48.673" endtime="20240126 13:44:49.993"/>
</kw>
<kw name="Sleep" library="BuiltIn">
<arg>3s</arg>
<doc>Pauses the test executed for the given time.</doc>
<msg timestamp="20240126 13:44:52.995" level="INFO">Slept 3 seconds</msg>
<status status="PASS" starttime="20240126 13:44:49.994" endtime="20240126 13:44:52.996"/>
</kw>
<status status="PASS" starttime="20240126 13:44:48.398" endtime="20240126 13:44:52.997"/>
</kw>
<kw name="Open Admin User Page" library="open_admin_user_page">
<kw name="Sleep" library="BuiltIn">
<arg>2s</arg>
<doc>Pauses the test executed for the given time.</doc>
<msg timestamp="20240126 13:44:55.002" level="INFO">Slept 2 seconds</msg>
<status status="PASS" starttime="20240126 13:44:52.999" endtime="20240126 13:44:55.003"/>
</kw>
<kw name="Wait Until Element Is Visible" library="SeleniumLibrary">
<arg>${menuAdminBtn}</arg>
<doc>Waits until the element ``locator`` is visible.</doc>
<status status="PASS" starttime="20240126 13:44:55.004" endtime="20240126 13:44:55.028"/>
</kw>
<kw name="Click Element" library="SeleniumLibrary">
<arg>${menuAdminBtn}</arg>
<doc>Click the element identified by ``locator``.</doc>
<msg timestamp="20240126 13:44:55.029" level="INFO">Clicking element '//*[@id="app"]/div[1]/div[1]/aside/nav/div[2]/ul/li[1]/a'.</msg>
<status status="PASS" starttime="20240126 13:44:55.029" endtime="20240126 13:44:56.007"/>
</kw>
<kw name="Sleep" library="BuiltIn">
<arg>2s</arg>
<doc>Pauses the test executed for the given time.</doc>
<msg timestamp="20240126 13:44:58.009" level="INFO">Slept 2 seconds</msg>
<status status="PASS" starttime="20240126 13:44:56.007" endtime="20240126 13:44:58.010"/>
</kw>
<kw name="Wait Until Element Is Visible" library="SeleniumLibrary">
<arg>${adminUsernameField}</arg>
<doc>Waits until the element ``locator`` is visible.</doc>
<status status="PASS" starttime="20240126 13:44:58.011" endtime="20240126 13:44:58.034"/>
</kw>
<kw name="Wait Until Element Is Visible" library="SeleniumLibrary">
<arg>${adminUserRoleField}</arg>
<doc>Waits until the element ``locator`` is visible.</doc>
<status status="PASS" starttime="20240126 13:44:58.035" endtime="20240126 13:44:58.053"/>
</kw>
<kw name="Wait Until Element Is Visible" library="SeleniumLibrary">
<arg>${adminEmployeeNameField}</arg>
<doc>Waits until the element ``locator`` is visible.</doc>
<status status="PASS" starttime="20240126 13:44:58.053" endtime="20240126 13:44:58.072"/>
</kw>
<kw name="Wait Until Element Is Visible" library="SeleniumLibrary">
<arg>${adminStatusField}</arg>
<doc>Waits until the element ``locator`` is visible.</doc>
<status status="PASS" starttime="20240126 13:44:58.073" endtime="20240126 13:44:58.140"/>
</kw>
<kw name="Wait Until Element Is Visible" library="SeleniumLibrary">
<arg>${adminSearchFilterBtn}</arg>
<doc>Waits until the element ``locator`` is visible.</doc>
<status status="PASS" starttime="20240126 13:44:58.141" endtime="20240126 13:44:58.170"/>
</kw>
<kw name="Wait Until Element Is Visible" library="SeleniumLibrary">
<arg>${adminResetFilterBtn}</arg>
<doc>Waits until the element ``locator`` is visible.</doc>
<status status="PASS" starttime="20240126 13:44:58.170" endtime="20240126 13:44:58.199"/>
</kw>
<kw name="Wait Until Element Is Visible" library="SeleniumLibrary">
<arg>${adminCreateBtn}</arg>
<doc>Waits until the element ``locator`` is visible.</doc>
<status status="PASS" starttime="20240126 13:44:58.200" endtime="20240126 13:44:58.223"/>
</kw>
<kw name="Wait Until Element Is Visible" library="SeleniumLibrary">
<arg>${adminRecordFound}</arg>
<doc>Waits until the element ``locator`` is visible.</doc>
<status status="PASS" starttime="20240126 13:44:58.223" endtime="20240126 13:44:58.243"/>
</kw>
<kw name="Wait Until Element Is Visible" library="SeleniumLibrary">
<arg>${adminListContainer}</arg>
<doc>Waits until the element ``locator`` is visible.</doc>
<status status="PASS" starttime="20240126 13:44:58.243" endtime="20240126 13:44:58.261"/>
</kw>
<kw name="Sleep" library="BuiltIn">
<arg>2s</arg>
<doc>Pauses the test executed for the given time.</doc>
<msg timestamp="20240126 13:45:00.262" level="INFO">Slept 2 seconds</msg>
<status status="PASS" starttime="20240126 13:44:58.261" endtime="20240126 13:45:00.263"/>
</kw>
<status status="PASS" starttime="20240126 13:44:52.998" endtime="20240126 13:45:00.263"/>
</kw>
<kw name="Add New User" library="open_admin_user_page">
<kw name="Sleep" library="BuiltIn">
<arg>2s</arg>
<doc>Pauses the test executed for the given time.</doc>
<msg timestamp="20240126 13:45:02.265" level="INFO">Slept 2 seconds</msg>
<status status="PASS" starttime="20240126 13:45:00.265" endtime="20240126 13:45:02.266"/>
</kw>
<kw name="Click Button" library="SeleniumLibrary">
<arg>${adminCreateBtn}</arg>
<doc>Clicks the button identified by ``locator``.</doc>
<msg timestamp="20240126 13:45:02.268" level="INFO">Clicking button '//*[@id="app"]/div[1]/div[2]/div[2]/div/div[2]/div[1]/button'.</msg>
<status status="PASS" starttime="20240126 13:45:02.267" endtime="20240126 13:45:02.867"/>
</kw>
<kw name="Wait Until Element Is Visible" library="SeleniumLibrary">
<arg>${fieldCreateNewUser}</arg>
<doc>Waits until the element ``locator`` is visible.</doc>
<status status="PASS" starttime="20240126 13:45:02.867" endtime="20240126 13:45:03.323"/>
</kw>
<kw name="Input Text" library="SeleniumLibrary">
<arg>${fieldCreateNewUser}</arg>
<arg>${newUsername}</arg>
<arg>2s</arg>
<doc>Types the given ``text`` into the text field identified by ``locator``.</doc>
<msg timestamp="20240126 13:45:03.324" level="INFO">Typing text 'Johndogh142' into text field '//*[@id="app"]/div[1]/div[2]/div[2]/div/div/form/div[1]/div/div[4]/div/div[2]/input'.</msg>
<status status="PASS" starttime="20240126 13:45:03.323" endtime="20240126 13:45:03.474"/>
</kw>
<kw name="Input Text" library="SeleniumLibrary">
<arg>${fieldCreateNewPassword}</arg>
<arg>${newPassword}</arg>
<arg>2s</arg>
<doc>Types the given ``text`` into the text field identified by ``locator``.</doc>
<msg timestamp="20240126 13:45:03.475" level="INFO">Typing text 'rahasia234' into text field '//*[@id="app"]/div[1]/div[2]/div[2]/div/div/form/div[2]/div/div[1]/div/div[2]/input'.</msg>
<status status="PASS" starttime="20240126 13:45:03.475" endtime="20240126 13:45:03.561"/>
</kw>
<kw name="Input Text" library="SeleniumLibrary">
<arg>${fieldCreateNewPasswordConfirm}</arg>
<arg>${newPassword}</arg>
<arg>2s</arg>
<doc>Types the given ``text`` into the text field identified by ``locator``.</doc>
<msg timestamp="20240126 13:45:03.562" level="INFO">Typing text 'rahasia234' into text field '//*[@id="app"]/div[1]/div[2]/div[2]/div/div/form/div[2]/div/div[2]/div/div[2]/input'.</msg>
<status status="PASS" starttime="20240126 13:45:03.561" endtime="20240126 13:45:03.648"/>
</kw>
<kw name="Input Text" library="SeleniumLibrary">
<arg>${fieldEmployeeName}</arg>
<arg>${employeeName}</arg>
<doc>Types the given ``text`` into the text field identified by ``locator``.</doc>
<msg timestamp="20240126 13:45:03.649" level="INFO">Typing text 'testing' into text field '//*[@id="app"]/div[1]/div[2]/div[2]/div/div/form/div[1]/div/div[2]/div/div[2]/div/div/input'.</msg>
<status status="PASS" starttime="20240126 13:45:03.648" endtime="20240126 13:45:03.739"/>
</kw>
<kw name="Wait Until Element Is Visible" library="SeleniumLibrary">
<arg>//*[@id="app"]/div[1]/div[2]/div[2]/div/div/form/div[1]/div/div[1]/div/div[2]/div/div/div[1]</arg>
<doc>Waits until the element ``locator`` is visible.</doc>
<status status="PASS" starttime="20240126 13:45:03.739" endtime="20240126 13:45:03.761"/>
</kw>
<kw name="Click Element" library="SeleniumLibrary">
<arg>//*[@id="app"]/div[1]/div[2]/div[2]/div/div/form/div[1]/div/div[1]/div/div[2]/div/div/div[1]</arg>
<doc>Click the element identified by ``locator``.</doc>
<msg timestamp="20240126 13:45:03.762" level="INFO">Clicking element '//*[@id="app"]/div[1]/div[2]/div[2]/div/div/form/div[1]/div/div[1]/div/div[2]/div/div/div[1]'.</msg>
<status status="PASS" starttime="20240126 13:45:03.762" endtime="20240126 13:45:03.799"/>
</kw>
<kw name="Click Element" library="SeleniumLibrary">
<arg>//*[@id="app"]/div[1]/div[2]/div[2]/div/div/form/div[1]/div/div[1]/div/div[2]/div/div[2]</arg>
<doc>Click the element identified by ``locator``.</doc>
<msg timestamp="20240126 13:45:03.800" level="INFO">Clicking element '//*[@id="app"]/div[1]/div[2]/div[2]/div/div/form/div[1]/div/div[1]/div/div[2]/div/div[2]'.</msg>
<status status="PASS" starttime="20240126 13:45:03.799" endtime="20240126 13:45:03.845"/>
</kw>
<kw name="Wait Until Element Is Visible" library="SeleniumLibrary">
<arg>//*[@id="app"]/div[1]/div[2]/div[2]/div/div/form/div[1]/div/div[3]/div/div[2]/div/div</arg>
<doc>Waits until the element ``locator`` is visible.</doc>
<status status="PASS" starttime="20240126 13:45:03.845" endtime="20240126 13:45:03.865"/>
</kw>
<kw name="Click Element" library="SeleniumLibrary">
<arg>//*[@id="app"]/div[1]/div[2]/div[2]/div/div/form/div[1]/div/div[3]/div/div[2]/div/div</arg>
<doc>Click the element identified by ``locator``.</doc>
<msg timestamp="20240126 13:45:03.866" level="INFO">Clicking element '//*[@id="app"]/div[1]/div[2]/div[2]/div/div/form/div[1]/div/div[3]/div/div[2]/div/div'.</msg>
<status status="PASS" starttime="20240126 13:45:03.865" endtime="20240126 13:45:03.902"/>
</kw>
<kw name="Click Element" library="SeleniumLibrary">
<arg>//*[@id="app"]/div[1]/div[2]/div[2]/div/div/form/div[1]/div/div[3]/div/div[2]/div/div[2]</arg>
<doc>Click the element identified by ``locator``.</doc>
<msg timestamp="20240126 13:45:03.903" level="INFO">Clicking element '//*[@id="app"]/div[1]/div[2]/div[2]/div/div/form/div[1]/div/div[3]/div/div[2]/div/div[2]'.</msg>
<status status="PASS" starttime="20240126 13:45:03.903" endtime="20240126 13:45:03.946"/>
</kw>
<kw name="Click Button" library="SeleniumLibrary">
<arg>//*[@id="app"]/div[1]/div[2]/div[2]/div/div/form/div[3]/button[2]</arg>
<doc>Clicks the button identified by ``locator``.</doc>
<msg timestamp="20240126 13:45:03.947" level="INFO">Clicking button '//*[@id="app"]/div[1]/div[2]/div[2]/div/div/form/div[3]/button[2]'.</msg>
<status status="PASS" starttime="20240126 13:45:03.947" endtime="20240126 13:45:04.004"/>
</kw>
<status status="PASS" starttime="20240126 13:45:00.264" endtime="20240126 13:45:04.005"/>
</kw>
<status status="PASS" starttime="20240126 13:44:30.287" endtime="20240126 13:45:04.005"/>
</test>
<status status="PASS" starttime="20240126 13:44:29.985" endtime="20240126 13:45:04.006"/>
</suite>
<statistics>
<total>
<stat pass="1" fail="0" skip="0">All Tests</stat>
</total>
<tag>
</tag>
<suite>
<stat pass="1" fail="0" skip="0" id="s1" name="Dashboard Admin User List">Dashboard Admin User List</stat>
</suite>
</statistics>
<errors>
</errors>
</robot>
